<?xml version="1.0" encoding="UTF-8"?>
<!-- Generated by org.testng.reporters.JUnitXMLReporter -->
<testsuite ignored="0" hostname="DESKTOP-TGRDIAA" failures="1" tests="33" name="Default test" time="397.291" errors="0" timestamp="2024-08-07T01:03:45 IST">
  <testcase classname="HomePage.HomePage_FunctionalTest" name="AmityLogo" time="0.445"/>
  <testcase classname="HomePage.HomePage_FunctionalTest" name="ProgramButton" time="0.804"/>
  <testcase classname="HomePage.HomePage_FunctionalTest" name="CareerServices" time="0.72"/>
  <testcase classname="HomePage.HomePage_FunctionalTest" name="AdvantagesButton" time="1.308"/>
  <testcase classname="HomePage.HomePage_FunctionalTest" name="SearchButton" time="1.205"/>
  <testcase classname="HomePage.HomePage_FunctionalTest" name="CallusButton" time="2.751"/>
  <testcase classname="HomePage.HomePage_FunctionalTest" name="StudentLoginButoon" time="2.667"/>
  <testcase classname="HomePage.HomePage_FunctionalTest" name="EnrollNowButton" time="4.773"/>
  <testcase classname="HomePage.HomePage_FunctionalTest" name="ApplyNowbutton" time="4.28"/>
  <testcase classname="HomePage.HomePage_FunctionalTest" name="Callicon" time="3.354"/>
  <testcase classname="HomePage.HomePage_FunctionalTest" name="WhatsappIcon" time="3.722"/>
  <testcase classname="HomePage.HomePage_FunctionalTest" name="ViewAll" time="2.42"/>
  <testcase classname="HomePage.HomePage_FunctionalTest" name="RequestAcall" time="2.694"/>
  <testcase classname="HomePage.HomePage_FunctionalTest" name="ViewAllS" time="1.342"/>
  <testcase classname="HomePage.HomePage_FunctionalTest" name="ViewAllBlog" time="2.246"/>
  <testcase classname="HomePage.HomePage_FunctionalTest" name="KnowMore" time="3.718"/>
  <testcase classname="HomePage.HomePage_FunctionalTest" name="ApplyNowBottonCTA" time="3.616"/>
  <testcase classname="HomePage.HomePage_FunctionalTest" name="ClickonShowMoreAboutus" time="7.814"/>
  <testcase classname="HomePage.HomePage_FunctionalTest" name="CareerServices1" time="5.22"/>
  <testcase classname="HomePage.HomePage_FunctionalTest" name="StudentStory" time="6.151"/>
  <testcase classname="HomePage.HomePage_FunctionalTest" name="LeaderShip" time="5.718"/>
  <testcase classname="HomePage.HomePage_FunctionalTest" name="Corporate" time="6.139"/>
  <testcase classname="HomePage.HomePage_FunctionalTest" name="ContactUs" time="7.07"/>
  <testcase classname="HomePage.HomePage_FunctionalTest" name="Terms" time="6.599"/>
  <testcase classname="HomePage.HomePage_FunctionalTest" name="StudentSupport" time="9.829"/>
  <testcase classname="HomePage.HomePage_FunctionalTest" name="Intellectualproperty" time="8.773"/>
  <testcase classname="HomePage.HomePage_FunctionalTest" name="UGC" time="6.061"/>
  <testcase classname="HomePage.HomePage_FunctionalTest" name="Resource" time="6.162"/>
  <testcase classname="HomePage.HomePage_FunctionalTest" name="Blog" time="6.102"/>
  <testcase classname="HomePage.HomePage_FunctionalTest" name="Media" time="7.07"/>
  <testcase classname="HomePage.HomePage_FunctionalTest" name="UGProgram" time="35.831">
    <failure type="org.openqa.selenium.NoSuchElementException" message="no such element: Unable to locate element: {&amp;quot;method&amp;quot;:&amp;quot;xpath&amp;quot;,&amp;quot;selector&amp;quot;:&amp;quot;//*[name()=&amp;apos;path&amp;apos; and contains(@d,&amp;apos;M18.2648 2&amp;apos;)]&amp;quot;}
  (Session info: chrome=127.0.6533.89)
For documentation on this error, please visit: https://selenium.dev/exceptions/#no_such_element
Build info: version: &amp;apos;4.8.3&amp;apos;, revision: &amp;apos;e5e76298c3&amp;apos;
System info: os.name: &amp;apos;Windows 11&amp;apos;, os.arch: &amp;apos;amd64&amp;apos;, os.version: &amp;apos;10.0&amp;apos;, java.version: &amp;apos;22.0.1&amp;apos;
Driver info: org.openqa.selenium.chrome.ChromeDriver
Command: [16e612b0cf2d43b0d28a9d6535d283d3, findElement {using=xpath, value=//*[name()=&amp;apos;path&amp;apos; and contains(@d,&amp;apos;M18.2648 2&amp;apos;)]}]
Capabilities {acceptInsecureCerts: false, browserName: chrome, browserVersion: 127.0.6533.89, chrome: {chromedriverVersion: 126.0.6478.63 (df799988fdc9..., userDataDir: C:\Users\admin\AppData\Loca...}, fedcm:accounts: true, goog:chromeOptions: {debuggerAddress: localhost:64162}, networkConnectionEnabled: false, pageLoadStrategy: normal, platformName: WINDOWS, proxy: Proxy(), se:cdp: ws://localhost:64162/devtoo..., se:cdpVersion: 127.0.6533.89, setWindowRect: true, strictFileInteractability: false, timeouts: {implicit: 0, pageLoad: 300000, script: 30000}, unhandledPromptBehavior: dismiss and notify, webauthn:extension:credBlob: true, webauthn:extension:largeBlob: true, webauthn:extension:minPinLength: true, webauthn:extension:prf: true, webauthn:virtualAuthenticators: true}
Session ID: 16e612b0cf2d43b0d28a9d6535d283d3">
      <![CDATA[org.openqa.selenium.NoSuchElementException: no such element: Unable to locate element: {"method":"xpath","selector":"//*[name()='path' and contains(@d,'M18.2648 2')]"}
  (Session info: chrome=127.0.6533.89)
For documentation on this error, please visit: https://selenium.dev/exceptions/#no_such_element
Build info: version: '4.8.3', revision: 'e5e76298c3'
System info: os.name: 'Windows 11', os.arch: 'amd64', os.version: '10.0', java.version: '22.0.1'
Driver info: org.openqa.selenium.chrome.ChromeDriver
Command: [16e612b0cf2d43b0d28a9d6535d283d3, findElement {using=xpath, value=//*[name()='path' and contains(@d,'M18.2648 2')]}]
Capabilities {acceptInsecureCerts: false, browserName: chrome, browserVersion: 127.0.6533.89, chrome: {chromedriverVersion: 126.0.6478.63 (df799988fdc9..., userDataDir: C:\Users\admin\AppData\Loca...}, fedcm:accounts: true, goog:chromeOptions: {debuggerAddress: localhost:64162}, networkConnectionEnabled: false, pageLoadStrategy: normal, platformName: WINDOWS, proxy: Proxy(), se:cdp: ws://localhost:64162/devtoo..., se:cdpVersion: 127.0.6533.89, setWindowRect: true, strictFileInteractability: false, timeouts: {implicit: 0, pageLoad: 300000, script: 30000}, unhandledPromptBehavior: dismiss and notify, webauthn:extension:credBlob: true, webauthn:extension:largeBlob: true, webauthn:extension:minPinLength: true, webauthn:extension:prf: true, webauthn:virtualAuthenticators: true}
Session ID: 16e612b0cf2d43b0d28a9d6535d283d3
at java.base/jdk.internal.reflect.DirectConstructorHandleAccessor.newInstance(DirectConstructorHandleAccessor.java:62)
at java.base/java.lang.reflect.Constructor.newInstanceWithCaller(Constructor.java:502)
at java.base/java.lang.reflect.Constructor.newInstance(Constructor.java:486)
at org.openqa.selenium.remote.codec.w3c.W3CHttpResponseCodec.createException(W3CHttpResponseCodec.java:200)
at org.openqa.selenium.remote.codec.w3c.W3CHttpResponseCodec.decode(W3CHttpResponseCodec.java:133)
at org.openqa.selenium.remote.codec.w3c.W3CHttpResponseCodec.decode(W3CHttpResponseCodec.java:53)
at org.openqa.selenium.remote.HttpCommandExecutor.execute(HttpCommandExecutor.java:193)
at org.openqa.selenium.remote.service.DriverCommandExecutor.invokeExecute(DriverCommandExecutor.java:183)
at org.openqa.selenium.remote.service.DriverCommandExecutor.execute(DriverCommandExecutor.java:158)
at org.openqa.selenium.remote.RemoteWebDriver.execute(RemoteWebDriver.java:543)
at org.openqa.selenium.remote.ElementLocation$ElementFinder$2.findElement(ElementLocation.java:162)
at org.openqa.selenium.remote.ElementLocation.findElement(ElementLocation.java:60)
at org.openqa.selenium.remote.RemoteWebDriver.findElement(RemoteWebDriver.java:352)
at org.openqa.selenium.remote.RemoteWebDriver.findElement(RemoteWebDriver.java:344)
at POM.HomePagePOM.UGProgramList(HomePagePOM.java:784)
at HomePage.HomePage_FunctionalTest.UGProgram(HomePage_FunctionalTest.java:233)
at java.base/jdk.internal.reflect.DirectMethodHandleAccessor.invoke(DirectMethodHandleAccessor.java:103)
at java.base/java.lang.reflect.Method.invoke(Method.java:580)
at org.testng.internal.invokers.MethodInvocationHelper.invokeMethod(MethodInvocationHelper.java:139)
at org.testng.internal.invokers.TestInvoker.invokeMethod(TestInvoker.java:664)
at org.testng.internal.invokers.TestInvoker.invokeTestMethod(TestInvoker.java:228)
at org.testng.internal.invokers.MethodRunner.runInSequence(MethodRunner.java:63)
at org.testng.internal.invokers.TestInvoker$MethodInvocationAgent.invoke(TestInvoker.java:961)
at org.testng.internal.invokers.TestInvoker.invokeTestMethods(TestInvoker.java:201)
at org.testng.internal.invokers.TestMethodWorker.invokeTestMethods(TestMethodWorker.java:148)
at org.testng.internal.invokers.TestMethodWorker.run(TestMethodWorker.java:128)
at java.base/java.util.ArrayList.forEach(ArrayList.java:1597)
at org.testng.TestRunner.privateRun(TestRunner.java:819)
at org.testng.TestRunner.run(TestRunner.java:619)
at org.testng.SuiteRunner.runTest(SuiteRunner.java:443)
at org.testng.SuiteRunner.runSequentially(SuiteRunner.java:437)
at org.testng.SuiteRunner.privateRun(SuiteRunner.java:397)
at org.testng.SuiteRunner.run(SuiteRunner.java:336)
at org.testng.SuiteRunnerWorker.runSuite(SuiteRunnerWorker.java:52)
at org.testng.SuiteRunnerWorker.run(SuiteRunnerWorker.java:95)
at org.testng.TestNG.runSuitesSequentially(TestNG.java:1301)
at org.testng.TestNG.runSuitesLocally(TestNG.java:1228)
at org.testng.TestNG.runSuites(TestNG.java:1134)
at org.testng.TestNG.run(TestNG.java:1101)
at org.testng.remote.AbstractRemoteTestNG.run(AbstractRemoteTestNG.java:115)
at org.testng.remote.RemoteTestNG.initAndRun(RemoteTestNG.java:293)
at org.testng.remote.RemoteTestNG.main(RemoteTestNG.java:91)
]]>
    </failure>
  </testcase> <!-- UGProgram -->
  <testcase classname="HomePage.HomePage_FunctionalTest" name="PGPrograms" time="130.861"/>
  <testcase classname="HomePage.HomePage_FunctionalTest" name="Printprograms" time="6.977"/>
</testsuite> <!-- Default test -->
