<html>
<head>
<title>TestNG:  Default test</title>
<link href="../testng.css" rel="stylesheet" type="text/css" />
<link href="../my-testng.css" rel="stylesheet" type="text/css" />

<style type="text/css">
.log { display: none;} 
.stack-trace { display: none;} 
</style>
<script type="text/javascript">
<!--
function flip(e) {
  current = e.style.display;
  if (current == 'block') {
    e.style.display = 'none';
    return 0;
  }
  else {
    e.style.display = 'block';
    return 1;
  }
}

function toggleBox(szDivId, elem, msg1, msg2)
{
  var res = -1;  if (document.getElementById) {
    res = flip(document.getElementById(szDivId));
  }
  else if (document.all) {
    // this is the way old msie versions work
    res = flip(document.all[szDivId]);
  }
  if(elem) {
    if(res == 0) elem.innerHTML = msg1; else elem.innerHTML = msg2;
  }

}

function toggleAllBoxes() {
  if (document.getElementsByTagName) {
    d = document.getElementsByTagName('div');
    for (i = 0; i < d.length; i++) {
      if (d[i].className == 'log') {
        flip(d[i]);
      }
    }
  }
}

// -->
</script>

</head>
<body>
<h2 align='center'>Default test</h2><table border='1' align="center">
<tr>
<td>Tests passed/Failed/Skipped:</td><td>32/1/0</td>
</tr><tr>
<td>Started on:</td><td>Wed Aug 07 00:57:07 IST 2024</td>
</tr>
<tr><td>Total time:</td><td>397 seconds (397291 ms)</td>
</tr><tr>
<td>Included groups:</td><td></td>
</tr><tr>
<td>Excluded groups:</td><td></td>
</tr>
</table><p/>
<small><i>(Hover the method name to see the test class name)</i></small><p/>
<table width='100%' border='1' class='invocation-failed'>
<tr><td colspan='4' align='center'><b>FAILED TESTS</b></td></tr>
<tr><td><b>Test method</b></td>
<td><b>Attribute(s)</b></td>
<td width="30%"><b>Exception</b></td>
<td width="10%"><b>Time (seconds)</b></td>
<td><b>Instance</b></td>
</tr>
<tr>
<td title='HomePage.HomePage_FunctionalTest.UGProgram()'><b>UGProgram</b><br>Test class: HomePage.HomePage_FunctionalTest</td>
<td><div><pre>org.openqa.selenium.NoSuchElementException: no such element: Unable to locate element: {&quot;method&quot;:&quot;xpath&quot;,&quot;selector&quot;:&quot;//*[name()=&apos;path&apos; and contains(@d,&apos;M18.2648 2&apos;)]&quot;}
  (Session info: chrome=127.0.6533.89)
For documentation on this error, please visit: https://selenium.dev/exceptions/#no_such_element
Build info: version: &apos;4.8.3&apos;, revision: &apos;e5e76298c3&apos;
System info: os.name: &apos;Windows 11&apos;, os.arch: &apos;amd64&apos;, os.version: &apos;10.0&apos;, java.version: &apos;22.0.1&apos;
Driver info: org.openqa.selenium.chrome.ChromeDriver
Command: [16e612b0cf2d43b0d28a9d6535d283d3, findElement {using=xpath, value=//*[name()=&apos;path&apos; and contains(@d,&apos;M18.2648 2&apos;)]}]
Capabilities {acceptInsecureCerts: false, browserName: chrome, browserVersion: 127.0.6533.89, chrome: {chromedriverVersion: 126.0.6478.63 (df799988fdc9..., userDataDir: C:\Users\admin\AppData\Loca...}, fedcm:accounts: true, goog:chromeOptions: {debuggerAddress: localhost:64162}, networkConnectionEnabled: false, pageLoadStrategy: normal, platformName: WINDOWS, proxy: Proxy(), se:cdp: ws://localhost:64162/devtoo..., se:cdpVersion: 127.0.6533.89, setWindowRect: true, strictFileInteractability: false, timeouts: {implicit: 0, pageLoad: 300000, script: 30000}, unhandledPromptBehavior: dismiss and notify, webauthn:extension:credBlob: true, webauthn:extension:largeBlob: true, webauthn:extension:minPinLength: true, webauthn:extension:prf: true, webauthn:virtualAuthenticators: true}
Session ID: 16e612b0cf2d43b0d28a9d6535d283d3
	at java.base/jdk.internal.reflect.DirectConstructorHandleAccessor.newInstance(DirectConstructorHandleAccessor.java:62)
	at java.base/java.lang.reflect.Constructor.newInstanceWithCaller(Constructor.java:502)
	at java.base/java.lang.reflect.Constructor.newInstance(Constructor.java:486)
	at org.openqa.selenium.remote.codec.w3c.W3CHttpResponseCodec.createException(W3CHttpResponseCodec.java:200)
	at org.openqa.selenium.remote.codec.w3c.W3CHttpResponseCodec.decode(W3CHttpResponseCodec.java:133)
	at org.openqa.selenium.remote.codec.w3c.W3CHttpResponseCodec.decode(W3CHttpResponseCodec.java:53)
	at org.openqa.selenium.remote.HttpCommandExecutor.execute(HttpCommandExecutor.java:193)
	at org.openqa.selenium.remote.service.DriverCommandExecutor.invokeExecute(DriverCommandExecutor.java:183)
	at org.openqa.selenium.remote.service.DriverCommandExecutor.execute(DriverCommandExecutor.java:158)
	at org.openqa.selenium.remote.RemoteWebDriver.execute(RemoteWebDriver.java:543)
	at org.openqa.selenium.remote.ElementLocation$ElementFinder$2.findElement(ElementLocation.java:162)
	at org.openqa.selenium.remote.ElementLocation.findElement(ElementLocation.java:60)
	at org.openqa.selenium.remote.RemoteWebDriver.findElement(RemoteWebDriver.java:352)
	at org.openqa.selenium.remote.RemoteWebDriver.findElement(RemoteWebDriver.java:344)
	at POM.HomePagePOM.UGProgramList(HomePagePOM.java:784)
	at HomePage.HomePage_FunctionalTest.UGProgram(HomePage_FunctionalTest.java:233)
	at java.base/jdk.internal.reflect.DirectMethodHandleAccessor.invoke(DirectMethodHandleAccessor.java:103)
	at java.base/java.lang.reflect.Method.invoke(Method.java:580)
	at org.testng.internal.invokers.MethodInvocationHelper.invokeMethod(MethodInvocationHelper.java:139)
	at org.testng.internal.invokers.TestInvoker.invokeMethod(TestInvoker.java:664)
	at org.testng.internal.invokers.TestInvoker.invokeTestMethod(TestInvoker.java:228)
	at org.testng.internal.invokers.MethodRunner.runInSequence(MethodRunner.java:63)
	at org.testng.internal.invokers.TestInvoker$MethodInvocationAgent.invoke(TestInvoker.java:961)
	at org.testng.internal.invokers.TestInvoker.invokeTestMethods(TestInvoker.java:201)
	at org.testng.internal.invokers.TestMethodWorker.invokeTestMethods(TestMethodWorker.java:148)
	at org.testng.internal.invokers.TestMethodWorker.run(TestMethodWorker.java:128)
	at java.base/java.util.ArrayList.forEach(ArrayList.java:1597)
	at org.testng.TestRunner.privateRun(TestRunner.java:819)
	at org.testng.TestRunner.run(TestRunner.java:619)
	at org.testng.SuiteRunner.runTest(SuiteRunner.java:443)
	at org.testng.SuiteRunner.runSequentially(SuiteRunner.java:437)
	at org.testng.SuiteRunner.privateRun(SuiteRunner.java:397)
	at org.testng.SuiteRunner.run(SuiteRunner.java:336)
	at org.testng.SuiteRunnerWorker.runSuite(SuiteRunnerWorker.java:52)
	at org.testng.SuiteRunnerWorker.run(SuiteRunnerWorker.java:95)
	at org.testng.TestNG.runSuitesSequentially(TestNG.java:1301)
	at org.testng.TestNG.runSuitesLocally(TestNG.java:1228)
	at org.testng.TestNG.runSuites(TestNG.java:1134)
	at org.testng.TestNG.run(TestNG.java:1101)
	at org.testng.remote.AbstractRemoteTestNG.run(AbstractRemoteTestNG.java:115)
	at org.testng.remote.RemoteTestNG.initAndRun(RemoteTestNG.java:293)
	at org.testng.remote.RemoteTestNG.main(RemoteTestNG.java:91)
</pre></div><a href='#' onClick='toggleBox("stack-trace205869510", this, "Click to show all stack frames", "Click to hide stack frames")'>Click to show all stack frames</a>
<div class='stack-trace' id='stack-trace205869510'><pre>org.openqa.selenium.NoSuchElementException: no such element: Unable to locate element: {&quot;method&quot;:&quot;xpath&quot;,&quot;selector&quot;:&quot;//*[name()=&apos;path&apos; and contains(@d,&apos;M18.2648 2&apos;)]&quot;}
  (Session info: chrome=127.0.6533.89)
For documentation on this error, please visit: https://selenium.dev/exceptions/#no_such_element
Build info: version: &apos;4.8.3&apos;, revision: &apos;e5e76298c3&apos;
System info: os.name: &apos;Windows 11&apos;, os.arch: &apos;amd64&apos;, os.version: &apos;10.0&apos;, java.version: &apos;22.0.1&apos;
Driver info: org.openqa.selenium.chrome.ChromeDriver
Command: [16e612b0cf2d43b0d28a9d6535d283d3, findElement {using=xpath, value=//*[name()=&apos;path&apos; and contains(@d,&apos;M18.2648 2&apos;)]}]
Capabilities {acceptInsecureCerts: false, browserName: chrome, browserVersion: 127.0.6533.89, chrome: {chromedriverVersion: 126.0.6478.63 (df799988fdc9..., userDataDir: C:\Users\admin\AppData\Loca...}, fedcm:accounts: true, goog:chromeOptions: {debuggerAddress: localhost:64162}, networkConnectionEnabled: false, pageLoadStrategy: normal, platformName: WINDOWS, proxy: Proxy(), se:cdp: ws://localhost:64162/devtoo..., se:cdpVersion: 127.0.6533.89, setWindowRect: true, strictFileInteractability: false, timeouts: {implicit: 0, pageLoad: 300000, script: 30000}, unhandledPromptBehavior: dismiss and notify, webauthn:extension:credBlob: true, webauthn:extension:largeBlob: true, webauthn:extension:minPinLength: true, webauthn:extension:prf: true, webauthn:virtualAuthenticators: true}
Session ID: 16e612b0cf2d43b0d28a9d6535d283d3
	at java.base/jdk.internal.reflect.DirectConstructorHandleAccessor.newInstance(DirectConstructorHandleAccessor.java:62)
	at java.base/java.lang.reflect.Constructor.newInstanceWithCaller(Constructor.java:502)
	at java.base/java.lang.reflect.Constructor.newInstance(Constructor.java:486)
	at org.openqa.selenium.remote.codec.w3c.W3CHttpResponseCodec.createException(W3CHttpResponseCodec.java:200)
	at org.openqa.selenium.remote.codec.w3c.W3CHttpResponseCodec.decode(W3CHttpResponseCodec.java:133)
	at org.openqa.selenium.remote.codec.w3c.W3CHttpResponseCodec.decode(W3CHttpResponseCodec.java:53)
	at org.openqa.selenium.remote.HttpCommandExecutor.execute(HttpCommandExecutor.java:193)
	at org.openqa.selenium.remote.service.DriverCommandExecutor.invokeExecute(DriverCommandExecutor.java:183)
	at org.openqa.selenium.remote.service.DriverCommandExecutor.execute(DriverCommandExecutor.java:158)
	at org.openqa.selenium.remote.RemoteWebDriver.execute(RemoteWebDriver.java:543)
	at org.openqa.selenium.remote.ElementLocation$ElementFinder$2.findElement(ElementLocation.java:162)
	at org.openqa.selenium.remote.ElementLocation.findElement(ElementLocation.java:60)
	at org.openqa.selenium.remote.RemoteWebDriver.findElement(RemoteWebDriver.java:352)
	at org.openqa.selenium.remote.RemoteWebDriver.findElement(RemoteWebDriver.java:344)
	at POM.HomePagePOM.UGProgramList(HomePagePOM.java:784)
	at HomePage.HomePage_FunctionalTest.UGProgram(HomePage_FunctionalTest.java:233)
	at java.base/jdk.internal.reflect.DirectMethodHandleAccessor.invoke(DirectMethodHandleAccessor.java:103)
	at java.base/java.lang.reflect.Method.invoke(Method.java:580)
	at org.testng.internal.invokers.MethodInvocationHelper.invokeMethod(MethodInvocationHelper.java:139)
	at org.testng.internal.invokers.TestInvoker.invokeMethod(TestInvoker.java:664)
	at org.testng.internal.invokers.TestInvoker.invokeTestMethod(TestInvoker.java:228)
	at org.testng.internal.invokers.MethodRunner.runInSequence(MethodRunner.java:63)
	at org.testng.internal.invokers.TestInvoker$MethodInvocationAgent.invoke(TestInvoker.java:961)
	at org.testng.internal.invokers.TestInvoker.invokeTestMethods(TestInvoker.java:201)
	at org.testng.internal.invokers.TestMethodWorker.invokeTestMethods(TestMethodWorker.java:148)
	at org.testng.internal.invokers.TestMethodWorker.run(TestMethodWorker.java:128)
	at java.base/java.util.ArrayList.forEach(ArrayList.java:1597)
	at org.testng.TestRunner.privateRun(TestRunner.java:819)
	at org.testng.TestRunner.run(TestRunner.java:619)
	at org.testng.SuiteRunner.runTest(SuiteRunner.java:443)
	at org.testng.SuiteRunner.runSequentially(SuiteRunner.java:437)
	at org.testng.SuiteRunner.privateRun(SuiteRunner.java:397)
	at org.testng.SuiteRunner.run(SuiteRunner.java:336)
	at org.testng.SuiteRunnerWorker.runSuite(SuiteRunnerWorker.java:52)
	at org.testng.SuiteRunnerWorker.run(SuiteRunnerWorker.java:95)
	at org.testng.TestNG.runSuitesSequentially(TestNG.java:1301)
	at org.testng.TestNG.runSuitesLocally(TestNG.java:1228)
	at org.testng.TestNG.runSuites(TestNG.java:1134)
	at org.testng.TestNG.run(TestNG.java:1101)
	at org.testng.remote.AbstractRemoteTestNG.run(AbstractRemoteTestNG.java:115)
	at org.testng.remote.RemoteTestNG.initAndRun(RemoteTestNG.java:293)
	at org.testng.remote.RemoteTestNG.main(RemoteTestNG.java:91)
</pre></div></td>
<td>35</td>
<td>HomePage.HomePage_FunctionalTest@6cb107fd</td></tr>
</table><p>
<table width='100%' border='1' class='invocation-passed'>
<tr><td colspan='4' align='center'><b>PASSED TESTS</b></td></tr>
<tr><td><b>Test method</b></td>
<td><b>Attribute(s)</b></td>
<td width="30%"><b>Exception</b></td>
<td width="10%"><b>Time (seconds)</b></td>
<td><b>Instance</b></td>
</tr>
<tr>
<td title='HomePage.HomePage_FunctionalTest.AdvantagesButton()'><b>AdvantagesButton</b><br>Test class: HomePage.HomePage_FunctionalTest</td>
<td></td>
<td>1</td>
<td>HomePage.HomePage_FunctionalTest@6cb107fd</td></tr>
<tr>
<td title='HomePage.HomePage_FunctionalTest.Blog()'><b>Blog</b><br>Test class: HomePage.HomePage_FunctionalTest</td>
<td></td>
<td>6</td>
<td>HomePage.HomePage_FunctionalTest@6cb107fd</td></tr>
<tr>
<td title='HomePage.HomePage_FunctionalTest.RequestAcall()'><b>RequestAcall</b><br>Test class: HomePage.HomePage_FunctionalTest</td>
<td></td>
<td>2</td>
<td>HomePage.HomePage_FunctionalTest@6cb107fd</td></tr>
<tr>
<td title='HomePage.HomePage_FunctionalTest.LeaderShip()'><b>LeaderShip</b><br>Test class: HomePage.HomePage_FunctionalTest</td>
<td></td>
<td>5</td>
<td>HomePage.HomePage_FunctionalTest@6cb107fd</td></tr>
<tr>
<td title='HomePage.HomePage_FunctionalTest.WhatsappIcon()'><b>WhatsappIcon</b><br>Test class: HomePage.HomePage_FunctionalTest</td>
<td></td>
<td>3</td>
<td>HomePage.HomePage_FunctionalTest@6cb107fd</td></tr>
<tr>
<td title='HomePage.HomePage_FunctionalTest.ViewAll()'><b>ViewAll</b><br>Test class: HomePage.HomePage_FunctionalTest</td>
<td></td>
<td>2</td>
<td>HomePage.HomePage_FunctionalTest@6cb107fd</td></tr>
<tr>
<td title='HomePage.HomePage_FunctionalTest.ProgramButton()'><b>ProgramButton</b><br>Test class: HomePage.HomePage_FunctionalTest</td>
<td></td>
<td>0</td>
<td>HomePage.HomePage_FunctionalTest@6cb107fd</td></tr>
<tr>
<td title='HomePage.HomePage_FunctionalTest.SearchButton()'><b>SearchButton</b><br>Test class: HomePage.HomePage_FunctionalTest</td>
<td></td>
<td>1</td>
<td>HomePage.HomePage_FunctionalTest@6cb107fd</td></tr>
<tr>
<td title='HomePage.HomePage_FunctionalTest.CareerServices()'><b>CareerServices</b><br>Test class: HomePage.HomePage_FunctionalTest</td>
<td></td>
<td>0</td>
<td>HomePage.HomePage_FunctionalTest@6cb107fd</td></tr>
<tr>
<td title='HomePage.HomePage_FunctionalTest.Terms()'><b>Terms</b><br>Test class: HomePage.HomePage_FunctionalTest</td>
<td></td>
<td>6</td>
<td>HomePage.HomePage_FunctionalTest@6cb107fd</td></tr>
<tr>
<td title='HomePage.HomePage_FunctionalTest.CallusButton()'><b>CallusButton</b><br>Test class: HomePage.HomePage_FunctionalTest</td>
<td></td>
<td>2</td>
<td>HomePage.HomePage_FunctionalTest@6cb107fd</td></tr>
<tr>
<td title='HomePage.HomePage_FunctionalTest.UGC()'><b>UGC</b><br>Test class: HomePage.HomePage_FunctionalTest</td>
<td></td>
<td>6</td>
<td>HomePage.HomePage_FunctionalTest@6cb107fd</td></tr>
<tr>
<td title='HomePage.HomePage_FunctionalTest.ContactUs()'><b>ContactUs</b><br>Test class: HomePage.HomePage_FunctionalTest</td>
<td></td>
<td>7</td>
<td>HomePage.HomePage_FunctionalTest@6cb107fd</td></tr>
<tr>
<td title='HomePage.HomePage_FunctionalTest.ClickonShowMoreAboutus()'><b>ClickonShowMoreAboutus</b><br>Test class: HomePage.HomePage_FunctionalTest</td>
<td></td>
<td>7</td>
<td>HomePage.HomePage_FunctionalTest@6cb107fd</td></tr>
<tr>
<td title='HomePage.HomePage_FunctionalTest.Resource()'><b>Resource</b><br>Test class: HomePage.HomePage_FunctionalTest</td>
<td></td>
<td>6</td>
<td>HomePage.HomePage_FunctionalTest@6cb107fd</td></tr>
<tr>
<td title='HomePage.HomePage_FunctionalTest.CareerServices1()'><b>CareerServices1</b><br>Test class: HomePage.HomePage_FunctionalTest</td>
<td></td>
<td>5</td>
<td>HomePage.HomePage_FunctionalTest@6cb107fd</td></tr>
<tr>
<td title='HomePage.HomePage_FunctionalTest.Corporate()'><b>Corporate</b><br>Test class: HomePage.HomePage_FunctionalTest</td>
<td></td>
<td>6</td>
<td>HomePage.HomePage_FunctionalTest@6cb107fd</td></tr>
<tr>
<td title='HomePage.HomePage_FunctionalTest.PGPrograms()'><b>PGPrograms</b><br>Test class: HomePage.HomePage_FunctionalTest</td>
<td></td>
<td>130</td>
<td>HomePage.HomePage_FunctionalTest@6cb107fd</td></tr>
<tr>
<td title='HomePage.HomePage_FunctionalTest.ViewAllS()'><b>ViewAllS</b><br>Test class: HomePage.HomePage_FunctionalTest</td>
<td></td>
<td>1</td>
<td>HomePage.HomePage_FunctionalTest@6cb107fd</td></tr>
<tr>
<td title='HomePage.HomePage_FunctionalTest.KnowMore()'><b>KnowMore</b><br>Test class: HomePage.HomePage_FunctionalTest</td>
<td></td>
<td>3</td>
<td>HomePage.HomePage_FunctionalTest@6cb107fd</td></tr>
<tr>
<td title='HomePage.HomePage_FunctionalTest.StudentStory()'><b>StudentStory</b><br>Test class: HomePage.HomePage_FunctionalTest</td>
<td></td>
<td>6</td>
<td>HomePage.HomePage_FunctionalTest@6cb107fd</td></tr>
<tr>
<td title='HomePage.HomePage_FunctionalTest.Intellectualproperty()'><b>Intellectualproperty</b><br>Test class: HomePage.HomePage_FunctionalTest</td>
<td></td>
<td>8</td>
<td>HomePage.HomePage_FunctionalTest@6cb107fd</td></tr>
<tr>
<td title='HomePage.HomePage_FunctionalTest.ApplyNowBottonCTA()'><b>ApplyNowBottonCTA</b><br>Test class: HomePage.HomePage_FunctionalTest</td>
<td></td>
<td>3</td>
<td>HomePage.HomePage_FunctionalTest@6cb107fd</td></tr>
<tr>
<td title='HomePage.HomePage_FunctionalTest.EnrollNowButton()'><b>EnrollNowButton</b><br>Test class: HomePage.HomePage_FunctionalTest</td>
<td></td>
<td>4</td>
<td>HomePage.HomePage_FunctionalTest@6cb107fd</td></tr>
<tr>
<td title='HomePage.HomePage_FunctionalTest.AmityLogo()'><b>AmityLogo</b><br>Test class: HomePage.HomePage_FunctionalTest</td>
<td></td>
<td>0</td>
<td>HomePage.HomePage_FunctionalTest@6cb107fd</td></tr>
<tr>
<td title='HomePage.HomePage_FunctionalTest.StudentLoginButoon()'><b>StudentLoginButoon</b><br>Test class: HomePage.HomePage_FunctionalTest</td>
<td></td>
<td>2</td>
<td>HomePage.HomePage_FunctionalTest@6cb107fd</td></tr>
<tr>
<td title='HomePage.HomePage_FunctionalTest.Printprograms()'><b>Printprograms</b><br>Test class: HomePage.HomePage_FunctionalTest</td>
<td></td>
<td>6</td>
<td>HomePage.HomePage_FunctionalTest@6cb107fd</td></tr>
<tr>
<td title='HomePage.HomePage_FunctionalTest.StudentSupport()'><b>StudentSupport</b><br>Test class: HomePage.HomePage_FunctionalTest</td>
<td></td>
<td>9</td>
<td>HomePage.HomePage_FunctionalTest@6cb107fd</td></tr>
<tr>
<td title='HomePage.HomePage_FunctionalTest.Callicon()'><b>Callicon</b><br>Test class: HomePage.HomePage_FunctionalTest</td>
<td></td>
<td>3</td>
<td>HomePage.HomePage_FunctionalTest@6cb107fd</td></tr>
<tr>
<td title='HomePage.HomePage_FunctionalTest.ApplyNowbutton()'><b>ApplyNowbutton</b><br>Test class: HomePage.HomePage_FunctionalTest</td>
<td></td>
<td>4</td>
<td>HomePage.HomePage_FunctionalTest@6cb107fd</td></tr>
<tr>
<td title='HomePage.HomePage_FunctionalTest.Media()'><b>Media</b><br>Test class: HomePage.HomePage_FunctionalTest</td>
<td></td>
<td>7</td>
<td>HomePage.HomePage_FunctionalTest@6cb107fd</td></tr>
<tr>
<td title='HomePage.HomePage_FunctionalTest.ViewAllBlog()'><b>ViewAllBlog</b><br>Test class: HomePage.HomePage_FunctionalTest</td>
<td></td>
<td>2</td>
<td>HomePage.HomePage_FunctionalTest@6cb107fd</td></tr>
</table><p>
</body>
</html>