<?xml version="1.0" encoding="UTF-8"?>
<!-- Generated by org.testng.reporters.JUnitReportReporter -->
<testsuite hostname="DESKTOP-TGRDIAA" failures="0" tests="33" name="HomePage.HomePage_FunctionalTest" time="397.073" errors="1" timestamp="2024-08-07T01:03:45 IST" skipped="0">
  <testcase classname="HomePage.HomePage_FunctionalTest" name="AmityLogo" time="3.852"/>
  <testcase classname="HomePage.HomePage_FunctionalTest" name="ProgramButton" time="3.120"/>
  <testcase classname="HomePage.HomePage_FunctionalTest" name="CareerServices" time="4.266"/>
  <testcase classname="HomePage.HomePage_FunctionalTest" name="AdvantagesButton" time="4.898"/>
  <testcase classname="HomePage.HomePage_FunctionalTest" name="SearchButton" time="3.793"/>
  <testcase classname="HomePage.HomePage_FunctionalTest" name="CallusButton" time="5.128"/>
  <testcase classname="HomePage.HomePage_FunctionalTest" name="StudentLoginButoon" time="5.388"/>
  <testcase classname="HomePage.HomePage_FunctionalTest" name="EnrollNowButton" time="8.307"/>
  <testcase classname="HomePage.HomePage_FunctionalTest" name="ApplyNowbutton" time="6.463"/>
  <testcase classname="HomePage.HomePage_FunctionalTest" name="Callicon" time="6.255"/>
  <testcase classname="HomePage.HomePage_FunctionalTest" name="WhatsappIcon" time="6.450"/>
  <testcase classname="HomePage.HomePage_FunctionalTest" name="ViewAll" time="4.742"/>
  <testcase classname="HomePage.HomePage_FunctionalTest" name="RequestAcall" time="4.872"/>
  <testcase classname="HomePage.HomePage_FunctionalTest" name="ViewAllS" time="3.794"/>
  <testcase classname="HomePage.HomePage_FunctionalTest" name="ViewAllBlog" time="4.537"/>
  <testcase classname="HomePage.HomePage_FunctionalTest" name="KnowMore" time="5.604"/>
  <testcase classname="HomePage.HomePage_FunctionalTest" name="ApplyNowBottonCTA" time="6.109"/>
  <testcase classname="HomePage.HomePage_FunctionalTest" name="ClickonShowMoreAboutus" time="10.887"/>
  <testcase classname="HomePage.HomePage_FunctionalTest" name="CareerServices1" time="7.646"/>
  <testcase classname="HomePage.HomePage_FunctionalTest" name="StudentStory" time="8.778"/>
  <testcase classname="HomePage.HomePage_FunctionalTest" name="LeaderShip" time="7.862"/>
  <testcase classname="HomePage.HomePage_FunctionalTest" name="Corporate" time="8.768"/>
  <testcase classname="HomePage.HomePage_FunctionalTest" name="ContactUs" time="9.246"/>
  <testcase classname="HomePage.HomePage_FunctionalTest" name="Terms" time="8.944"/>
  <testcase classname="HomePage.HomePage_FunctionalTest" name="StudentSupport" time="12.962"/>
  <testcase classname="HomePage.HomePage_FunctionalTest" name="Intellectualproperty" time="11.468"/>
  <testcase classname="HomePage.HomePage_FunctionalTest" name="UGC" time="8.484"/>
  <testcase classname="HomePage.HomePage_FunctionalTest" name="Resource" time="8.448"/>
  <testcase classname="HomePage.HomePage_FunctionalTest" name="Blog" time="8.614"/>
  <testcase classname="HomePage.HomePage_FunctionalTest" name="Media" time="10.695"/>
  <testcase classname="HomePage.HomePage_FunctionalTest" name="UGProgram" time="40.796">
    <error message="no such element: Unable to locate element: {&quot;method&quot;:&quot;xpath&quot;,&quot;selector&quot;:&quot;//*[name()=&#039;path&#039; and contains(@d,&#039;M18.2648 2&#039;)]&quot;}
  (Session info: chrome=127.0.6533.89)
For documentation on this error, please visit: https://selenium.dev/exceptions/#no_such_element
Build info: version: &#039;4.8.3&#039;, revision: &#039;e5e76298c3&#039;
System info: os.name: &#039;Windows 11&#039;, os.arch: &#039;amd64&#039;, os.version: &#039;10.0&#039;, java.version: &#039;22.0.1&#039;
Driver info: org.openqa.selenium.chrome.ChromeDriver
Command: [16e612b0cf2d43b0d28a9d6535d283d3, findElement {using=xpath, value=//*[name()=&#039;path&#039; and contains(@d,&#039;M18.2648 2&#039;)]}]
Capabilities {acceptInsecureCerts: false, browserName: chrome, browserVersion: 127.0.6533.89, chrome: {chromedriverVersion: 126.0.6478.63 (df799988fdc9..., userDataDir: C:\Users\admin\AppData\Loca...}, fedcm:accounts: true, goog:chromeOptions: {debuggerAddress: localhost:64162}, networkConnectionEnabled: false, pageLoadStrategy: normal, platformName: WINDOWS, proxy: Proxy(), se:cdp: ws://localhost:64162/devtoo..., se:cdpVersion: 127.0.6533.89, setWindowRect: true, strictFileInteractability: false, timeouts: {implicit: 0, pageLoad: 300000, script: 30000}, unhandledPromptBehavior: dismiss and notify, webauthn:extension:credBlob: true, webauthn:extension:largeBlob: true, webauthn:extension:minPinLength: true, webauthn:extension:prf: true, webauthn:virtualAuthenticators: true}
Session ID: 16e612b0cf2d43b0d28a9d6535d283d3" type="org.openqa.selenium.NoSuchElementException">
      <![CDATA[org.openqa.selenium.NoSuchElementException: no such element: Unable to locate element: {"method":"xpath","selector":"//*[name()='path' and contains(@d,'M18.2648 2')]"}
  (Session info: chrome=127.0.6533.89)
For documentation on this error, please visit: https://selenium.dev/exceptions/#no_such_element
Build info: version: '4.8.3', revision: 'e5e76298c3'
System info: os.name: 'Windows 11', os.arch: 'amd64', os.version: '10.0', java.version: '22.0.1'
Driver info: org.openqa.selenium.chrome.ChromeDriver
Command: [16e612b0cf2d43b0d28a9d6535d283d3, findElement {using=xpath, value=//*[name()='path' and contains(@d,'M18.2648 2')]}]
Capabilities {acceptInsecureCerts: false, browserName: chrome, browserVersion: 127.0.6533.89, chrome: {chromedriverVersion: 126.0.6478.63 (df799988fdc9..., userDataDir: C:\Users\admin\AppData\Loca...}, fedcm:accounts: true, goog:chromeOptions: {debuggerAddress: localhost:64162}, networkConnectionEnabled: false, pageLoadStrategy: normal, platformName: WINDOWS, proxy: Proxy(), se:cdp: ws://localhost:64162/devtoo..., se:cdpVersion: 127.0.6533.89, setWindowRect: true, strictFileInteractability: false, timeouts: {implicit: 0, pageLoad: 300000, script: 30000}, unhandledPromptBehavior: dismiss and notify, webauthn:extension:credBlob: true, webauthn:extension:largeBlob: true, webauthn:extension:minPinLength: true, webauthn:extension:prf: true, webauthn:virtualAuthenticators: true}
Session ID: 16e612b0cf2d43b0d28a9d6535d283d3
at java.base/jdk.internal.reflect.DirectConstructorHandleAccessor.newInstance(DirectConstructorHandleAccessor.java:62)
at java.base/java.lang.reflect.Constructor.newInstanceWithCaller(Constructor.java:502)
at java.base/java.lang.reflect.Constructor.newInstance(Constructor.java:486)
at org.openqa.selenium.remote.codec.w3c.W3CHttpResponseCodec.createException(W3CHttpResponseCodec.java:200)
at org.openqa.selenium.remote.codec.w3c.W3CHttpResponseCodec.decode(W3CHttpResponseCodec.java:133)
at org.openqa.selenium.remote.codec.w3c.W3CHttpResponseCodec.decode(W3CHttpResponseCodec.java:53)
at org.openqa.selenium.remote.HttpCommandExecutor.execute(HttpCommandExecutor.java:193)
at org.openqa.selenium.remote.service.DriverCommandExecutor.invokeExecute(DriverCommandExecutor.java:183)
at org.openqa.selenium.remote.service.DriverCommandExecutor.execute(DriverCommandExecutor.java:158)
at org.openqa.selenium.remote.RemoteWebDriver.execute(RemoteWebDriver.java:543)
at org.openqa.selenium.remote.ElementLocation$ElementFinder$2.findElement(ElementLocation.java:162)
at org.openqa.selenium.remote.ElementLocation.findElement(ElementLocation.java:60)
at org.openqa.selenium.remote.RemoteWebDriver.findElement(RemoteWebDriver.java:352)
at org.openqa.selenium.remote.RemoteWebDriver.findElement(RemoteWebDriver.java:344)
at POM.HomePagePOM.UGProgramList(HomePagePOM.java:784)
at HomePage.HomePage_FunctionalTest.UGProgram(HomePage_FunctionalTest.java:233)
at java.base/jdk.internal.reflect.DirectMethodHandleAccessor.invoke(DirectMethodHandleAccessor.java:103)
at java.base/java.lang.reflect.Method.invoke(Method.java:580)
at org.testng.internal.invokers.MethodInvocationHelper.invokeMethod(MethodInvocationHelper.java:139)
at org.testng.internal.invokers.TestInvoker.invokeMethod(TestInvoker.java:664)
at org.testng.internal.invokers.TestInvoker.invokeTestMethod(TestInvoker.java:228)
at org.testng.internal.invokers.MethodRunner.runInSequence(MethodRunner.java:63)
at org.testng.internal.invokers.TestInvoker$MethodInvocationAgent.invoke(TestInvoker.java:961)
at org.testng.internal.invokers.TestInvoker.invokeTestMethods(TestInvoker.java:201)
at org.testng.internal.invokers.TestMethodWorker.invokeTestMethods(TestMethodWorker.java:148)
at org.testng.internal.invokers.TestMethodWorker.run(TestMethodWorker.java:128)
at java.base/java.util.ArrayList.forEach(ArrayList.java:1597)
at org.testng.TestRunner.privateRun(TestRunner.java:819)
at org.testng.TestRunner.run(TestRunner.java:619)
at org.testng.SuiteRunner.runTest(SuiteRunner.java:443)
at org.testng.SuiteRunner.runSequentially(SuiteRunner.java:437)
at org.testng.SuiteRunner.privateRun(SuiteRunner.java:397)
at org.testng.SuiteRunner.run(SuiteRunner.java:336)
at org.testng.SuiteRunnerWorker.runSuite(SuiteRunnerWorker.java:52)
at org.testng.SuiteRunnerWorker.run(SuiteRunnerWorker.java:95)
at org.testng.TestNG.runSuitesSequentially(TestNG.java:1301)
at org.testng.TestNG.runSuitesLocally(TestNG.java:1228)
at org.testng.TestNG.runSuites(TestNG.java:1134)
at org.testng.TestNG.run(TestNG.java:1101)
at org.testng.remote.AbstractRemoteTestNG.run(AbstractRemoteTestNG.java:115)
at org.testng.remote.RemoteTestNG.initAndRun(RemoteTestNG.java:293)
at org.testng.remote.RemoteTestNG.main(RemoteTestNG.java:91)
]]>
    </error>
  </testcase> <!-- UGProgram -->
  <testcase classname="HomePage.HomePage_FunctionalTest" name="PGPrograms" time="133.453"/>
  <testcase classname="HomePage.HomePage_FunctionalTest" name="Printprograms" time="12.444"/>
</testsuite> <!-- HomePage.HomePage_FunctionalTest -->
